<?xml version="1.0" encoding="UTF-8"?>
<testsuite xmlns:xsi="http://www.w3.org/2001/XMLSchema-instance" xsi:noNamespaceSchemaLocation="https://maven.apache.org/surefire/maven-surefire-plugin/xsd/surefire-test-report.xsd" name="TestRunner" time="363.588" tests="30" errors="4" skipped="0" failures="0">
  <properties>
    <property name="sun.desktop" value="windows"/>
    <property name="awt.toolkit" value="sun.awt.windows.WToolkit"/>
    <property name="java.specification.version" value="9"/>
    <property name="file.encoding.pkg" value="sun.io"/>
    <property name="sun.cpu.isalist" value="amd64"/>
    <property name="sun.jnu.encoding" value="Cp1252"/>
    <property name="java.class.path" value="C:\Users\d.jovic\git\PhpTravelsTesting\target\test-classes;C:\Users\d.jovic\git\PhpTravelsTesting\target\classes;C:\Users\d.jovic\.m2\repository\org\seleniumhq\selenium\selenium-java\3.9.1\selenium-java-3.9.1.jar;C:\Users\d.jovic\.m2\repository\org\seleniumhq\selenium\selenium-api\3.9.1\selenium-api-3.9.1.jar;C:\Users\d.jovic\.m2\repository\org\seleniumhq\selenium\selenium-chrome-driver\3.9.1\selenium-chrome-driver-3.9.1.jar;C:\Users\d.jovic\.m2\repository\org\seleniumhq\selenium\selenium-edge-driver\3.9.1\selenium-edge-driver-3.9.1.jar;C:\Users\d.jovic\.m2\repository\org\seleniumhq\selenium\selenium-firefox-driver\3.9.1\selenium-firefox-driver-3.9.1.jar;C:\Users\d.jovic\.m2\repository\org\seleniumhq\selenium\selenium-ie-driver\3.9.1\selenium-ie-driver-3.9.1.jar;C:\Users\d.jovic\.m2\repository\org\seleniumhq\selenium\selenium-opera-driver\3.9.1\selenium-opera-driver-3.9.1.jar;C:\Users\d.jovic\.m2\repository\org\seleniumhq\selenium\selenium-remote-driver\3.9.1\selenium-remote-driver-3.9.1.jar;C:\Users\d.jovic\.m2\repository\org\seleniumhq\selenium\selenium-safari-driver\3.9.1\selenium-safari-driver-3.9.1.jar;C:\Users\d.jovic\.m2\repository\org\seleniumhq\selenium\selenium-support\3.9.1\selenium-support-3.9.1.jar;C:\Users\d.jovic\.m2\repository\net\bytebuddy\byte-buddy\1.7.9\byte-buddy-1.7.9.jar;C:\Users\d.jovic\.m2\repository\org\apache\commons\commons-exec\1.3\commons-exec-1.3.jar;C:\Users\d.jovic\.m2\repository\commons-codec\commons-codec\1.10\commons-codec-1.10.jar;C:\Users\d.jovic\.m2\repository\commons-logging\commons-logging\1.2\commons-logging-1.2.jar;C:\Users\d.jovic\.m2\repository\com\google\code\gson\gson\2.8.2\gson-2.8.2.jar;C:\Users\d.jovic\.m2\repository\com\google\guava\guava\23.6-jre\guava-23.6-jre.jar;C:\Users\d.jovic\.m2\repository\com\google\code\findbugs\jsr305\1.3.9\jsr305-1.3.9.jar;C:\Users\d.jovic\.m2\repository\org\checkerframework\checker-compat-qual\2.0.0\checker-compat-qual-2.0.0.jar;C:\Users\d.jovic\.m2\repository\com\google\errorprone\error_prone_annotations\2.1.3\error_prone_annotations-2.1.3.jar;C:\Users\d.jovic\.m2\repository\com\google\j2objc\j2objc-annotations\1.1\j2objc-annotations-1.1.jar;C:\Users\d.jovic\.m2\repository\org\codehaus\mojo\animal-sniffer-annotations\1.14\animal-sniffer-annotations-1.14.jar;C:\Users\d.jovic\.m2\repository\org\apache\httpcomponents\httpclient\4.5.3\httpclient-4.5.3.jar;C:\Users\d.jovic\.m2\repository\org\apache\httpcomponents\httpcore\4.4.6\httpcore-4.4.6.jar;C:\Users\d.jovic\.m2\repository\com\squareup\okhttp3\okhttp\3.9.1\okhttp-3.9.1.jar;C:\Users\d.jovic\.m2\repository\com\squareup\okio\okio\1.13.0\okio-1.13.0.jar;C:\Users\d.jovic\.m2\repository\junit\junit\4.12\junit-4.12.jar;C:\Users\d.jovic\.m2\repository\org\hamcrest\hamcrest-core\1.3\hamcrest-core-1.3.jar;C:\Users\d.jovic\.m2\repository\log4j\log4j\1.2.17\log4j-1.2.17.jar;C:\Users\d.jovic\.m2\repository\io\cucumber\cucumber-junit\2.4.0\cucumber-junit-2.4.0.jar;C:\Users\d.jovic\.m2\repository\io\cucumber\cucumber-core\2.4.0\cucumber-core-2.4.0.jar;C:\Users\d.jovic\.m2\repository\info\cukes\cucumber-html\0.2.6\cucumber-html-0.2.6.jar;C:\Users\d.jovic\.m2\repository\io\cucumber\tag-expressions\1.1.1\tag-expressions-1.1.1.jar;C:\Users\d.jovic\.m2\repository\io\cucumber\cucumber-picocontainer\2.4.0\cucumber-picocontainer-2.4.0.jar;C:\Users\d.jovic\.m2\repository\io\cucumber\cucumber-java\2.4.0\cucumber-java-2.4.0.jar;C:\Users\d.jovic\.m2\repository\io\cucumber\cucumber-jvm-deps\1.0.6\cucumber-jvm-deps-1.0.6.jar;C:\Users\d.jovic\.m2\repository\io\cucumber\gherkin\5.0.0\gherkin-5.0.0.jar;C:\Users\d.jovic\.m2\repository\org\picocontainer\picocontainer\2.15\picocontainer-2.15.jar;"/>
    <property name="java.vm.vendor" value="Oracle Corporation"/>
    <property name="sun.arch.data.model" value="64"/>
    <property name="user.variant" value=""/>
    <property name="java.vendor.url" value="http://java.oracle.com/"/>
    <property name="user.timezone" value=""/>
    <property name="java.vm.specification.version" value="9"/>
    <property name="os.name" value="Windows 10"/>
    <property name="sun.java.launcher" value="SUN_STANDARD"/>
    <property name="user.country" value="US"/>
    <property name="sun.boot.library.path" value="C:\Program Files\Java\jdk-9.0.4\bin"/>
    <property name="sun.java.command" value="C:\Users\D8E92~1.JOV\AppData\Local\Temp\surefire11454346876809491983\surefirebooter490891519833189535.jar C:\Users\d.jovic\AppData\Local\Temp\surefire11454346876809491983 2018-03-23T09-24-34_008-jvmRun1 surefire4351815414789100290tmp surefire_011223355101569913311tmp"/>
    <property name="jdk.debug" value="release"/>
    <property name="surefire.test.class.path" value="C:\Users\d.jovic\git\PhpTravelsTesting\target\test-classes;C:\Users\d.jovic\git\PhpTravelsTesting\target\classes;C:\Users\d.jovic\.m2\repository\org\seleniumhq\selenium\selenium-java\3.9.1\selenium-java-3.9.1.jar;C:\Users\d.jovic\.m2\repository\org\seleniumhq\selenium\selenium-api\3.9.1\selenium-api-3.9.1.jar;C:\Users\d.jovic\.m2\repository\org\seleniumhq\selenium\selenium-chrome-driver\3.9.1\selenium-chrome-driver-3.9.1.jar;C:\Users\d.jovic\.m2\repository\org\seleniumhq\selenium\selenium-edge-driver\3.9.1\selenium-edge-driver-3.9.1.jar;C:\Users\d.jovic\.m2\repository\org\seleniumhq\selenium\selenium-firefox-driver\3.9.1\selenium-firefox-driver-3.9.1.jar;C:\Users\d.jovic\.m2\repository\org\seleniumhq\selenium\selenium-ie-driver\3.9.1\selenium-ie-driver-3.9.1.jar;C:\Users\d.jovic\.m2\repository\org\seleniumhq\selenium\selenium-opera-driver\3.9.1\selenium-opera-driver-3.9.1.jar;C:\Users\d.jovic\.m2\repository\org\seleniumhq\selenium\selenium-remote-driver\3.9.1\selenium-remote-driver-3.9.1.jar;C:\Users\d.jovic\.m2\repository\org\seleniumhq\selenium\selenium-safari-driver\3.9.1\selenium-safari-driver-3.9.1.jar;C:\Users\d.jovic\.m2\repository\org\seleniumhq\selenium\selenium-support\3.9.1\selenium-support-3.9.1.jar;C:\Users\d.jovic\.m2\repository\net\bytebuddy\byte-buddy\1.7.9\byte-buddy-1.7.9.jar;C:\Users\d.jovic\.m2\repository\org\apache\commons\commons-exec\1.3\commons-exec-1.3.jar;C:\Users\d.jovic\.m2\repository\commons-codec\commons-codec\1.10\commons-codec-1.10.jar;C:\Users\d.jovic\.m2\repository\commons-logging\commons-logging\1.2\commons-logging-1.2.jar;C:\Users\d.jovic\.m2\repository\com\google\code\gson\gson\2.8.2\gson-2.8.2.jar;C:\Users\d.jovic\.m2\repository\com\google\guava\guava\23.6-jre\guava-23.6-jre.jar;C:\Users\d.jovic\.m2\repository\com\google\code\findbugs\jsr305\1.3.9\jsr305-1.3.9.jar;C:\Users\d.jovic\.m2\repository\org\checkerframework\checker-compat-qual\2.0.0\checker-compat-qual-2.0.0.jar;C:\Users\d.jovic\.m2\repository\com\google\errorprone\error_prone_annotations\2.1.3\error_prone_annotations-2.1.3.jar;C:\Users\d.jovic\.m2\repository\com\google\j2objc\j2objc-annotations\1.1\j2objc-annotations-1.1.jar;C:\Users\d.jovic\.m2\repository\org\codehaus\mojo\animal-sniffer-annotations\1.14\animal-sniffer-annotations-1.14.jar;C:\Users\d.jovic\.m2\repository\org\apache\httpcomponents\httpclient\4.5.3\httpclient-4.5.3.jar;C:\Users\d.jovic\.m2\repository\org\apache\httpcomponents\httpcore\4.4.6\httpcore-4.4.6.jar;C:\Users\d.jovic\.m2\repository\com\squareup\okhttp3\okhttp\3.9.1\okhttp-3.9.1.jar;C:\Users\d.jovic\.m2\repository\com\squareup\okio\okio\1.13.0\okio-1.13.0.jar;C:\Users\d.jovic\.m2\repository\junit\junit\4.12\junit-4.12.jar;C:\Users\d.jovic\.m2\repository\org\hamcrest\hamcrest-core\1.3\hamcrest-core-1.3.jar;C:\Users\d.jovic\.m2\repository\log4j\log4j\1.2.17\log4j-1.2.17.jar;C:\Users\d.jovic\.m2\repository\io\cucumber\cucumber-junit\2.4.0\cucumber-junit-2.4.0.jar;C:\Users\d.jovic\.m2\repository\io\cucumber\cucumber-core\2.4.0\cucumber-core-2.4.0.jar;C:\Users\d.jovic\.m2\repository\info\cukes\cucumber-html\0.2.6\cucumber-html-0.2.6.jar;C:\Users\d.jovic\.m2\repository\io\cucumber\tag-expressions\1.1.1\tag-expressions-1.1.1.jar;C:\Users\d.jovic\.m2\repository\io\cucumber\cucumber-picocontainer\2.4.0\cucumber-picocontainer-2.4.0.jar;C:\Users\d.jovic\.m2\repository\io\cucumber\cucumber-java\2.4.0\cucumber-java-2.4.0.jar;C:\Users\d.jovic\.m2\repository\io\cucumber\cucumber-jvm-deps\1.0.6\cucumber-jvm-deps-1.0.6.jar;C:\Users\d.jovic\.m2\repository\io\cucumber\gherkin\5.0.0\gherkin-5.0.0.jar;C:\Users\d.jovic\.m2\repository\org\picocontainer\picocontainer\2.15\picocontainer-2.15.jar;"/>
    <property name="sun.cpu.endian" value="little"/>
    <property name="user.home" value="C:\Users\d.jovic"/>
    <property name="user.language" value="en"/>
    <property name="java.specification.vendor" value="Oracle Corporation"/>
    <property name="java.home" value="C:\Program Files\Java\jdk-9.0.4"/>
    <property name="file.separator" value="\"/>
    <property name="basedir" value="C:\Users\d.jovic\git\PhpTravelsTesting"/>
    <property name="java.vm.compressedOopsMode" value="Zero based"/>
    <property name="line.separator" value="&#10;"/>
    <property name="java.vm.specification.vendor" value="Oracle Corporation"/>
    <property name="java.specification.name" value="Java Platform API Specification"/>
    <property name="java.awt.graphicsenv" value="sun.awt.Win32GraphicsEnvironment"/>
    <property name="surefire.real.class.path" value="C:\Users\D8E92~1.JOV\AppData\Local\Temp\surefire11454346876809491983\surefirebooter490891519833189535.jar"/>
    <property name="user.script" value=""/>
    <property name="sun.management.compiler" value="HotSpot 64-Bit Tiered Compilers"/>
    <property name="java.runtime.version" value="9.0.4+11"/>
    <property name="user.name" value="d.jovic"/>
    <property name="path.separator" value=";"/>
    <property name="os.version" value="10.0"/>
    <property name="java.runtime.name" value="Java(TM) SE Runtime Environment"/>
    <property name="file.encoding" value="Cp1252"/>
    <property name="browser" value="firefox"/>
    <property name="java.vm.name" value="Java HotSpot(TM) 64-Bit Server VM"/>
    <property name="localRepository" value="C:\Users\d.jovic\.m2\repository"/>
    <property name="java.vendor.url.bug" value="http://bugreport.java.com/bugreport/"/>
    <property name="java.io.tmpdir" value="C:\Users\D8E92~1.JOV\AppData\Local\Temp\"/>
    <property name="java.version" value="9.0.4"/>
    <property name="user.dir" value="C:\Users\d.jovic\git\PhpTravelsTesting"/>
    <property name="os.arch" value="amd64"/>
    <property name="java.vm.specification.name" value="Java Virtual Machine Specification"/>
    <property name="java.awt.printerjob" value="sun.awt.windows.WPrinterJob"/>
    <property name="sun.os.patch.level" value=""/>
    <property name="integration-tests" value="true"/>
    <property name="java.library.path" value="C:\Program Files\Java\jdk-9.0.4\bin;C:\WINDOWS\Sun\Java\bin;C:\WINDOWS\system32;C:\WINDOWS;C:\ProgramData\Oracle\Java\javapath;C:\WINDOWS\system32;C:\WINDOWS;C:\WINDOWS\System32\Wbem;C:\WINDOWS\System32\WindowsPowerShell\v1.0\;C:\Program Files\Java\jdk-9.0.4\bin;C:\Program Files\Java\jre-9.0.4\bin;C:\Program Files\Java\jdk-9.0.4\\bin;C:\Program Files\apache-maven-3.5.2\bin;C:\Git\bin;C:\Users\d.jovic\AppData\Local\Microsoft\WindowsApps;C:\Git\Git\cmd;C:\Git\Git\mingw64\bin;C:\Git\Git\usr\bin;."/>
    <property name="java.vm.info" value="mixed mode"/>
    <property name="java.vendor" value="Oracle Corporation"/>
    <property name="java.vm.version" value="9.0.4+11"/>
    <property name="sun.io.unicode.encoding" value="UnicodeLittle"/>
    <property name="java.class.version" value="53.0"/>
  </properties>
  <testcase name="Login page displayed" classname="Base test" time="6.062"/>
  <testcase name="Register page displayed" classname="Base test" time="6.145"/>
  <testcase name="Hotels page displayed" classname="Base test" time="6.791"/>
  <testcase name="Flights page displayed" classname="Base test" time="6.283"/>
  <testcase name="Tours page displayed" classname="Base test" time="6.524"/>
  <testcase name="Cars page displayed" classname="Base test" time="8.043">
    <error message="java.net.ConnectException: Failed to connect to localhost/0:0:0:0:0:0:0:1:14407&#10;Build info: version: &apos;3.9.1&apos;, revision: &apos;63f7b50&apos;, time: &apos;2018-02-07T22:25:02.294Z&apos;&#10;System info: host: &apos;INTERNSHIP01&apos;, ip: &apos;10.1.193.105&apos;, os.name: &apos;Windows 10&apos;, os.arch: &apos;amd64&apos;, os.version: &apos;10.0&apos;, java.version: &apos;9.0.4&apos;&#10;Driver info: driver.version: RemoteWebDriver" type="org.openqa.selenium.WebDriverException">org.openqa.selenium.WebDriverException: 
java.net.ConnectException: Failed to connect to localhost/0:0:0:0:0:0:0:1:14407
Build info: version: '3.9.1', revision: '63f7b50', time: '2018-02-07T22:25:02.294Z'
System info: host: 'INTERNSHIP01', ip: '10.1.193.105', os.name: 'Windows 10', os.arch: 'amd64', os.version: '10.0', java.version: '9.0.4'
Driver info: driver.version: RemoteWebDriver
Caused by: java.net.ConnectException: Failed to connect to localhost/0:0:0:0:0:0:0:1:14407
Caused by: java.net.ConnectException: Connection refused: connect
</error>
    <system-err><![CDATA[Mar 23, 2018 9:25:08 AM org.openqa.selenium.remote.ProtocolHandshake createSession
INFO: Detected dialect: OSS
]]></system-err>
  </testcase>
  <testcase name="Offers page displayed" classname="Base test" time="6.071"/>
  <testcase name="Visa page displayed" classname="Base test" time="8.669"/>
  <testcase name="Blog page displayed" classname="Base test" time="6.162"/>
  <testcase name="User logged out" classname="Base test" time="14.035"/>
  <testcase name="User is logging" classname="Login tests" time="11.395"/>
  <testcase name="User is logging" classname="Login tests" time="9.889"/>
  <testcase name="User is logging" classname="Login tests" time="10.691"/>
  <testcase name="User is logging" classname="Login tests" time="10.436"/>
  <testcase name="User is logging" classname="Login tests" time="9.921"/>
  <testcase name="User registration" classname="Login tests" time="8.87"/>
  <testcase name="User is forget password" classname="Login tests" time="18.407">
    <error message="Unable to locate element: {&quot;method&quot;:&quot;name&quot;,&quot;selector&quot;:&quot;.//*[@id=&apos;ForgetPassword&apos;]/div/div/div[1]/button&quot;}&#10;Command duration or timeout: 0 milliseconds" type="org.openqa.selenium.NoSuchElementException">org.openqa.selenium.NoSuchElementException: 
Unable to locate element: {"method":"name","selector":".//*[@id='ForgetPassword']/div/div/div[1]/button"}
Command duration or timeout: 0 milliseconds
Caused by: org.openqa.selenium.NoSuchElementException: 
Unable to locate element: {"method":"name","selector":".//*[@id='ForgetPassword']/div/div/div[1]/button"}
For documentation on this error, please visit: http://seleniumhq.org/exceptions/no_such_element.html
Build info: version: '3.9.1', revision: '63f7b50', time: '2018-02-07T22:25:02.294Z'
System info: host: 'INTERNSHIP01', ip: '10.1.193.105', os.name: 'Windows 10', os.arch: 'amd64', os.version: '10.0', java.version: '9.0.4'
Driver info: driver.version: unknown
</error>
    <system-err><![CDATA[Mar 23, 2018 9:26:52 AM org.openqa.selenium.remote.ProtocolHandshake createSession
INFO: Detected dialect: OSS
]]></system-err>
  </testcase>
  <testcase name="User is forget password" classname="Login tests" time="18.438">
    <error message="Unable to locate element: {&quot;method&quot;:&quot;name&quot;,&quot;selector&quot;:&quot;.//*[@id=&apos;ForgetPassword&apos;]/div/div/div[1]/button&quot;}&#10;Command duration or timeout: 0 milliseconds" type="org.openqa.selenium.NoSuchElementException">org.openqa.selenium.NoSuchElementException: 
Unable to locate element: {"method":"name","selector":".//*[@id='ForgetPassword']/div/div/div[1]/button"}
Command duration or timeout: 0 milliseconds
Caused by: org.openqa.selenium.NoSuchElementException: 
Unable to locate element: {"method":"name","selector":".//*[@id='ForgetPassword']/div/div/div[1]/button"}
For documentation on this error, please visit: http://seleniumhq.org/exceptions/no_such_element.html
Build info: version: '3.9.1', revision: '63f7b50', time: '2018-02-07T22:25:02.294Z'
System info: host: 'INTERNSHIP01', ip: '10.1.193.105', os.name: 'Windows 10', os.arch: 'amd64', os.version: '10.0', java.version: '9.0.4'
Driver info: driver.version: unknown
</error>
    <system-err><![CDATA[Mar 23, 2018 9:27:11 AM org.openqa.selenium.remote.ProtocolHandshake createSession
INFO: Detected dialect: OSS
]]></system-err>
  </testcase>
  <testcase name="User is sign up" classname="Register user" time="14.856"/>
  <testcase name="User is sign up" classname="Register user" time="14.855"/>
  <testcase name="User is sign up" classname="Register user" time="14.815"/>
  <testcase name="User is sign up" classname="Register user" time="14.891"/>
  <testcase name="User is sign up" classname="Register user" time="15.087"/>
  <testcase name="User is sign up" classname="Register user" time="14.865"/>
  <testcase name="User is sign up" classname="Register user" time="14.832"/>
  <testcase name="User is sign up" classname="Register user" time="14.189"/>
  <testcase name="User tries to register in twice with same data" classname="Register user" time="24.351">
    <error message="Element not found in the cache - perhaps the page has changed since it was looked up&#10;Command duration or timeout: 0 milliseconds" type="org.openqa.selenium.StaleElementReferenceException">org.openqa.selenium.StaleElementReferenceException: 
Element not found in the cache - perhaps the page has changed since it was looked up
Command duration or timeout: 0 milliseconds
Caused by: org.openqa.selenium.StaleElementReferenceException: 
Element not found in the cache - perhaps the page has changed since it was looked up
For documentation on this error, please visit: http://seleniumhq.org/exceptions/stale_element_reference.html
Build info: version: '3.9.1', revision: '63f7b50', time: '2018-02-07T22:25:02.294Z'
System info: host: 'INTERNSHIP01', ip: '10.1.193.105', os.name: 'Windows 10', os.arch: 'amd64', os.version: '10.0', java.version: '9.0.4'
Driver info: driver.version: unknown
</error>
    <system-err><![CDATA[Mar 23, 2018 9:29:27 AM org.openqa.selenium.remote.ProtocolHandshake createSession
INFO: Detected dialect: OSS
]]></system-err>
  </testcase>
  <testcase name="User writes passwords during registration" classname="Register user" time="14.92"/>
  <testcase name="User writes passwords during registration" classname="Register user" time="16.475"/>
  <testcase name="User writes passwords during registration" classname="Register user" time="16.246"/>
</testsuite>